============================================================
  Generated by:           Encounter(R) RTL Compiler v12.10-s012_1
  Generated on:           Apr 02 2026  07:55:21 pm
  Module:                 uart_top
  Technology libraries:   tsmc18 1.0
                          typical 1.0
                          tsmc18_1 1.0
  Operating conditions:   fast (balanced_tree)
  Wireload mode:          enclosed
  Area mode:              timing library
============================================================

                               
   Gate    Instances    Area    Library  
-----------------------------------------
ADDHXL             1    36.590    tsmc18 
AND2X2             5    66.528    tsmc18 
AND3X2             1    16.632    tsmc18 
AND4X2             1    19.958    tsmc18 
AOI211X1           1    16.632    tsmc18 
AOI21X1            4    53.222    tsmc18 
AOI21X2            1    23.285    tsmc18 
AOI21XL            5    66.528    tsmc18 
AOI22X1            2    33.264    tsmc18 
AOI22XL           15   249.480    tsmc18 
AOI2BB2X1          1    23.285    tsmc18 
AOI32X1            1    23.285    tsmc18 
DFFHQX1           29  1543.450    tsmc18 
DFFTRX1            8   452.390    tsmc18 
DFFTRX2            4   279.418    tsmc18 
DFFTRX4            4   332.640    tsmc18 
DFFTRXL            6   339.293    tsmc18 
DFFX1             11   622.037    tsmc18 
DFFX2              1    69.854    tsmc18 
DFFX4              1    83.160    tsmc18 
EDFFTRX1           3   249.480    tsmc18 
INVX1             24   159.667    tsmc18 
INVXL              5    33.264    tsmc18 
MX2X1              1    26.611    tsmc18 
MXI2X1             1    23.285    tsmc18 
NAND2BX1           8   106.445    tsmc18 
NAND2X1           26   259.459    tsmc18 
NAND2XL            3    29.938    tsmc18 
NAND3BX1           5    83.160    tsmc18 
NAND3X1            4    53.222    tsmc18 
NAND3X2            1    23.285    tsmc18 
NAND4BXL           1    19.958    tsmc18 
NAND4X1            1    16.632    tsmc18 
NAND4X2            1    29.938    tsmc18 
NOR2BX1            2    26.611    tsmc18 
NOR2X1            16   159.667    tsmc18 
NOR2X2             2    33.264    tsmc18 
NOR2XL            10    99.792    tsmc18 
NOR3X1             6    79.834    tsmc18 
NOR4X1             2    39.917    tsmc18 
OAI211X1           2    39.917    tsmc18 
OAI21XL           16   212.890    tsmc18 
OAI221XL           3    69.854    tsmc18 
OAI22X1            4    79.834    tsmc18 
OAI22XL            2    39.917    tsmc18 
OAI2BB1XL          2    33.264    tsmc18 
OAI2BB2XL         19   442.411    tsmc18 
OAI31X1            1    19.958    tsmc18 
OAI31XL            1    19.958    tsmc18 
OAI32X1            4    93.139    tsmc18 
OAI32XL            1    23.285    tsmc18 
OAI33X1            1    26.611    tsmc18 
OR2X2              6    79.834    tsmc18 
SDFFHQX1           2   133.056    tsmc18 
SDFFTRX1           1    73.181    tsmc18 
XOR2X1             3    79.834    tsmc18 
-----------------------------------------
total            292  7371.302           


                                     
   Type    Instances   Area   Area % 
-------------------------------------
sequential        70 4177.958   56.7 
inverter          29  192.931    2.6 
logic            193 3000.413   40.7 
-------------------------------------
total            292 7371.302  100.0 

