============================================================
  Generated by:           Encounter(R) RTL Compiler v12.10-s012_1
  Generated on:           Apr 02 2026  07:55:21 pm
  Module:                 uart_top
  Technology libraries:   tsmc18 1.0
                          typical 1.0
                          tsmc18_1 1.0
  Operating conditions:   fast (balanced_tree)
  Wireload mode:          enclosed
  Area mode:              timing library
============================================================

	Timing
	------

 Slack          Endpoint        Cost Group 
------------------------------------------------
   +0ps bg/counter_rx_reg[12]/D default    


	Area
	----

Instance  Cells  Cell Area  Net Area  Total Area  Wireload     
---------------------------------------------------------------
uart_top    292       7371         0        7371    <none> (D) 

 (D) = wireload is default in technology library

	Design Rule Check
	-----------------

Max_transition design rule: no violations.

Max_capacitance design rule: no violations.


