============================================================
  Generated by:           Encounter(R) RTL Compiler v12.10-s012_1
  Generated on:           Apr 02 2026  07:55:21 pm
  Module:                 uart_top
  Technology libraries:   tsmc18 1.0
                          typical 1.0
                          tsmc18_1 1.0
  Operating conditions:   fast (balanced_tree)
  Wireload mode:          enclosed
  Area mode:              timing library
============================================================

         Pin               Type     Fanout Load Slew Delay Arrival   
                                           (fF) (ps)  (ps)   (ps)    
---------------------------------------------------------------------
(clock clk)               launch                                 0 R 
bg
  counter_rx_reg[0]/CK                             0             0 R 
  counter_rx_reg[0]/QN    DFFTRX2        2  4.5   31  +194     194 F 
  g1701/AN                                              +0     194   
  g1701/Y                 NAND2BX1       4 16.5   80  +103     297 F 
  g1678/A                                               +0     297   
  g1678/Y                 NOR2X2         2 12.1   91   +68     365 R 
  g1707/A                                               +0     365   
  g1707/Y                 NAND3X2        4 13.0   64   +34     399 F 
  g1700/AN                                              +0     399   
  g1700/Y                 NAND3BX1       4 15.8   96  +126     525 F 
  g2/AN                                                 +0     525   
  g2/Y                    NAND2BX1       3 13.6   91  +114     639 F 
  g1626/A1                                              +0     639   
  g1626/Y                 OAI32X1        1  2.0  156  +119     758 R 
  counter_rx_reg[12]/D    DFFX1                         +0     758   
  counter_rx_reg[12]/CK   setup                    0   +42     800 R 
- - - - - - - - - - - - - - - - - - - - - - - - - - - - - - - - - - -
(clock clk)               capture                              800 R 
---------------------------------------------------------------------
Timing slack :       0ps 
Start-point  : bg/counter_rx_reg[0]/CK
End-point    : bg/counter_rx_reg[12]/D
