ncsim: 10.20-s100: (c) Copyright 1995-2011 Cadence Design Systems, Inc.

-------------------------------------
Relinquished control to SimVision...
ncsim> 
ncsim> run
Received data is 41
Received data is 55
Simulation complete via $finish(1) at time 2292 US + 0
./uart_top_tb.v:83     #400 $finish;
ncsim> run
ncsim: *E,RNFNSH: Cannot continue simulation due to a previous $finish.
ncsim> reset
Loaded snapshot worklib.uart_top_tb:module
ncsim> run
Received data is 41
Received data is 55
Simulation complete via $finish(1) at time 2292 US + 0
./uart_top_tb.v:83     #400 $finish;
ncsim> run
ncsim: *E,RNFNSH: Cannot continue simulation due to a previous $finish.
ncsim> run
ncsim: *E,RNFNSH: Cannot continue simulation due to a previous $finish.
ncsim> run 100
ncsim: *E,RNFNSH: Cannot continue simulation due to a previous $finish.
ncsim> run 100
ncsim: *E,RNFNSH: Cannot continue simulation due to a previous $finish.
ncsim> ^C
ncsim> exit
ncsim: Memory Usage - 20.7M program + 31.8M data = 52.4M total
ncsim: CPU Usage - 6.9s system + 14.1s user = 21.1s total (521.8s, 4.0% cpu)
